# JRE version: Java(TM) SE Runtime Environment (18.0+36) (build 18+36-2087)
# Java VM: Java HotSpot(TM) 64-Bit Server VM (18+36-2087, mixed mode, sharing, tiered, compressed oops, compressed class ptrs, g1 gc, windows-amd64)
GC Precious Log:
 CardTable entry size: 512
 Card Set container configuration: InlinePtr #cards 5 size 8 Array Of Cards #cards 12 size 40 Howl #buckets 4 coarsen threshold 1843 Howl Bitmap #cards 512 size 80 coarsen threshold 460 Card regions per heap region 1 cards per card region 2048
 CPUs: 8 total, 8 available
 Memory: 7914M
 Large Page Support: Disabled
 NUMA Support: Disabled
 Compressed Oops: Enabled (32-bit)
 Heap Region Size: 1M
 Heap Min Capacity: 8M
 Heap Initial Capacity: 124M
 Heap Max Capacity: 1980M
 Pre-touch: Disabled
 Parallel Workers: 8
 Concurrent Workers: 2
 Concurrent Refinement Workers: 8
 Periodic GC: Disabled
Heap:
 garbage-first heap   total 56320K, used 26458K [0x0000000084400000, 0x0000000100000000)
  region size 1024K, 2 young (2048K), 1 survivors (1024K)
 Metaspace       used 61334K, committed 62080K, reserved 1114112K
  class space    used 8038K, committed 8384K, reserved 1048576K
GC Heap History (20 events):
Event: 16151.390 GC heap before
{Heap before GC invocations=60 (full 0):
 garbage-first heap   total 56320K, used 47108K [0x0000000084400000, 0x0000000100000000)
  region size 1024K, 23 young (23552K), 1 survivors (1024K)
 Metaspace       used 61305K, committed 62080K, reserved 1114112K
  class space    used 8038K, committed 8384K, reserved 1048576K
}
Event: 16151.422 GC heap after
{Heap after GC invocations=61 (full 0):
 garbage-first heap   total 56320K, used 26179K [0x0000000084400000, 0x0000000100000000)
  region size 1024K, 1 young (1024K), 1 survivors (1024K)
 Metaspace       used 61305K, committed 62080K, reserved 1114112K
  class space    used 8038K, committed 8384K, reserved 1048576K
}
Event: 16688.862 GC heap before
{Heap before GC invocations=62 (full 0):
 garbage-first heap   total 56320K, used 47683K [0x0000000084400000, 0x0000000100000000)
  region size 1024K, 22 young (22528K), 1 survivors (1024K)
 Metaspace       used 61305K, committed 62080K, reserved 1114112K
  class space    used 8038K, committed 8384K, reserved 1048576K
}
Event: 16688.917 GC heap after
{Heap after GC invocations=63 (full 0):
 garbage-first heap   total 56320K, used 26221K [0x0000000084400000, 0x0000000100000000)
  region size 1024K, 1 young (1024K), 1 survivors (1024K)
 Metaspace       used 61305K, committed 62080K, reserved 1114112K
  class space    used 8038K, committed 8384K, reserved 1048576K
}
Event: 16714.837 GC heap before
{Heap before GC invocations=63 (full 0):
 garbage-first heap   total 56320K, used 27245K [0x0000000084400000, 0x0000000100000000)
  region size 1024K, 2 young (2048K), 1 survivors (1024K)
 Metaspace       used 61305K, committed 62080K, reserved 1114112K
  class space    used 8038K, committed 8384K, reserved 1048576K
}
Event: 16714.908 GC heap after
{Heap after GC invocations=64 (full 0):
 garbage-first heap   total 56320K, used 26080K [0x0000000084400000, 0x0000000100000000)
  region size 1024K, 1 young (1024K), 1 survivors (1024K)
 Metaspace       used 61305K, committed 62080K, reserved 1114112K
  class space    used 8038K, committed 8384K, reserved 1048576K
}
Event: 17216.403 GC heap before
{Heap before GC invocations=64 (full 0):
 garbage-first heap   total 56320K, used 46560K [0x0000000084400000, 0x0000000100000000)
  region size 1024K, 21 young (21504K), 1 survivors (1024K)
 Metaspace       used 61305K, committed 62080K, reserved 1114112K
  class space    used 8038K, committed 8384K, reserved 1048576K
}
Event: 17216.515 GC heap after
{Heap after GC invocations=65 (full 0):
 garbage-first heap   total 56320K, used 26061K [0x0000000084400000, 0x0000000100000000)
  region size 1024K, 1 young (1024K), 1 survivors (1024K)
 Metaspace       used 61305K, committed 62080K, reserved 1114112K
  class space    used 8038K, committed 8384K, reserved 1048576K
}
Event: 17756.226 GC heap before
{Heap before GC invocations=66 (full 0):
 garbage-first heap   total 56320K, used 47565K [0x0000000084400000, 0x0000000100000000)
  region size 1024K, 22 young (22528K), 1 survivors (1024K)
 Metaspace       used 61305K, committed 62080K, reserved 1114112K
  class space    used 8038K, committed 8384K, reserved 1048576K
}
Event: 17756.279 GC heap after
{Heap after GC invocations=67 (full 0):
 garbage-first heap   total 56320K, used 26051K [0x0000000084400000, 0x0000000100000000)
  region size 1024K, 1 young (1024K), 1 survivors (1024K)
 Metaspace       used 61305K, committed 62080K, reserved 1114112K
  class space    used 8038K, committed 8384K, reserved 1048576K
}
Event: 17779.731 GC heap before
{Heap before GC invocations=67 (full 0):
 garbage-first heap   total 56320K, used 27075K [0x0000000084400000, 0x0000000100000000)
  region size 1024K, 2 young (2048K), 1 survivors (1024K)
 Metaspace       used 61305K, committed 62080K, reserved 1114112K
  class space    used 8038K, committed 8384K, reserved 1048576K
}
Event: 17779.843 GC heap after
{Heap after GC invocations=68 (full 0):
 garbage-first heap   total 56320K, used 25528K [0x0000000084400000, 0x0000000100000000)
  region size 1024K, 1 young (1024K), 1 survivors (1024K)
 Metaspace       used 61305K, committed 62080K, reserved 1114112K
  class space    used 8038K, committed 8384K, reserved 1048576K
}
Event: 18248.321 GC heap before
{Heap before GC invocations=68 (full 0):
 garbage-first heap   total 56320K, used 48056K [0x0000000084400000, 0x0000000100000000)
  region size 1024K, 23 young (23552K), 1 survivors (1024K)
 Metaspace       used 61321K, committed 62080K, reserved 1114112K
  class space    used 8038K, committed 8384K, reserved 1048576K
}
Event: 18248.478 GC heap after
{Heap after GC invocations=69 (full 0):
 garbage-first heap   total 56320K, used 26074K [0x0000000084400000, 0x0000000100000000)
  region size 1024K, 1 young (1024K), 1 survivors (1024K)
 Metaspace       used 61321K, committed 62080K, reserved 1114112K
  class space    used 8038K, committed 8384K, reserved 1048576K
}
Event: 18792.827 GC heap before
{Heap before GC invocations=70 (full 0):
 garbage-first heap   total 56320K, used 47578K [0x0000000084400000, 0x0000000100000000)
  region size 1024K, 22 young (22528K), 1 survivors (1024K)
 Metaspace       used 61321K, committed 62080K, reserved 1114112K
  class space    used 8038K, committed 8384K, reserved 1048576K
}
Event: 18792.890 GC heap after
{Heap after GC invocations=71 (full 0):
 garbage-first heap   total 56320K, used 26090K [0x0000000084400000, 0x0000000100000000)
  region size 1024K, 1 young (1024K), 1 survivors (1024K)
 Metaspace       used 61321K, committed 62080K, reserved 1114112K
  class space    used 8038K, committed 8384K, reserved 1048576K
}
Event: 18817.204 GC heap before
{Heap before GC invocations=71 (full 0):
 garbage-first heap   total 56320K, used 27114K [0x0000000084400000, 0x0000000100000000)
  region size 1024K, 2 young (2048K), 1 survivors (1024K)
 Metaspace       used 61321K, committed 62080K, reserved 1114112K
  class space    used 8038K, committed 8384K, reserved 1048576K
}
Event: 18817.262 GC heap after
{Heap after GC invocations=72 (full 0):
 garbage-first heap   total 56320K, used 25899K [0x0000000084400000, 0x0000000100000000)
  region size 1024K, 1 young (1024K), 1 survivors (1024K)
 Metaspace       used 61321K, committed 62080K, reserved 1114112K
  class space    used 8038K, committed 8384K, reserved 1048576K
}
Event: 24208.475 GC heap before
{Heap before GC invocations=72 (full 0):
 garbage-first heap   total 56320K, used 47403K [0x0000000084400000, 0x0000000100000000)
  region size 1024K, 22 young (22528K), 1 survivors (1024K)
 Metaspace       used 61334K, committed 62080K, reserved 1114112K
  class space    used 8038K, committed 8384K, reserved 1048576K
}
Event: 24208.602 GC heap after
{Heap after GC invocations=73 (full 0):
 garbage-first heap   total 56320K, used 26458K [0x0000000084400000, 0x0000000100000000)
  region size 1024K, 1 young (1024K), 1 survivors (1024K)
 Metaspace       used 61334K, committed 62080K, reserved 1114112K
  class space    used 8038K, committed 8384K, reserved 1048576K
}

